<?xml version="1.0" encoding="UTF-8"?>
<!-- Generated by org.testng.reporters.JUnitReportReporter -->
<testsuite hostname="LAPTOP-RNTFED1U" failures="1" tests="15" name="runner.testRunner" time="257.607" errors="0" timestamp="21 Jan 2022 09:53:26 GMT" skipped="0">
  <testcase classname="runner.testRunner" name="runScenario" time="14.226"/>
  <testcase classname="runner.testRunner" name="runScenario" time="14.279">
    <failure message="expected [true] but found [false]" type="java.lang.AssertionError">
      <![CDATA[java.lang.AssertionError: expected [true] but found [false]
at org.testng.Assert.fail(Assert.java:96)
at org.testng.Assert.failNotEquals(Assert.java:776)
at org.testng.Assert.assertTrue(Assert.java:44)
at org.testng.Assert.assertTrue(Assert.java:54)
at uiRepositories.selectCarPageUI.localBooking(selectCarPageUI.java:243)
at stepDefinations.StepDefination_03Selectcar.localTripBooking(StepDefination_03Selectcar.java:48)
at âœ½.User validates the car price for local trip booking(file:///C:/Users/91700/OneDrive/Desktop/Final%20Comprehensive%20Assessment/ComprehensiveBDD/SavaariBDD/src/test/java/features/003_SearchCarpage.feature:14)
]]>
    </failure>
  </testcase> <!-- runScenario -->
  <testcase classname="runner.testRunner" name="runScenario" time="17.941"/>
  <testcase classname="runner.testRunner" name="runScenario" time="23.925"/>
  <testcase classname="runner.testRunner" name="runScenario" time="27.050"/>
  <testcase classname="runner.testRunner" name="runScenario" time="16.624"/>
  <testcase classname="runner.testRunner" name="runScenario" time="18.552"/>
  <testcase classname="runner.testRunner" name="runScenario" time="8.340"/>
  <testcase classname="runner.testRunner" name="runScenario" time="16.669"/>
  <testcase classname="runner.testRunner" name="runScenario" time="18.451"/>
  <testcase classname="runner.testRunner" name="runScenario" time="18.512"/>
  <testcase classname="runner.testRunner" name="runScenario" time="16.422"/>
  <testcase classname="runner.testRunner" name="runScenario" time="19.986"/>
  <testcase classname="runner.testRunner" name="runScenario" time="10.924"/>
  <testcase classname="runner.testRunner" name="runScenario" time="15.706"/>
</testsuite> <!-- runner.testRunner -->
